Compilation failed:
    source file: '/home/stacia/eclipse-workspace/CompVisionProject/opencv/cmake/checks/cxx11.cpp'
    check option: ''
===== BUILD LOG =====
Change Dir: /home/stacia/eclipse-workspace/CompVisionProject/opencv/build/CMakeFiles/CMakeTmp

Run Build Command:"/usr/bin/make" "cmTC_2f732/fast"
/usr/bin/make -f CMakeFiles/cmTC_2f732.dir/build.make CMakeFiles/cmTC_2f732.dir/build
make[1]: Entering directory '/home/stacia/eclipse-workspace/CompVisionProject/opencv/build/CMakeFiles/CMakeTmp'
Building CXX object CMakeFiles/cmTC_2f732.dir/cxx11.cpp.o
/usr/bin/c++      -o CMakeFiles/cmTC_2f732.dir/cxx11.cpp.o -c /home/stacia/eclipse-workspace/CompVisionProject/opencv/cmake/checks/cxx11.cpp
/home/stacia/eclipse-workspace/CompVisionProject/opencv/cmake/checks/cxx11.cpp:4:2: error: #error "C++11 is not supported"
 #error "C++11 is not supported"
  ^
/home/stacia/eclipse-workspace/CompVisionProject/opencv/cmake/checks/cxx11.cpp: In function ‘int main()’:
/home/stacia/eclipse-workspace/CompVisionProject/opencv/cmake/checks/cxx11.cpp:11:10: error: ‘res’ does not name a type
     auto res = test();
          ^
/home/stacia/eclipse-workspace/CompVisionProject/opencv/cmake/checks/cxx11.cpp:12:12: error: ‘res’ was not declared in this scope
     return res;
            ^
CMakeFiles/cmTC_2f732.dir/build.make:65: recipe for target 'CMakeFiles/cmTC_2f732.dir/cxx11.cpp.o' failed
make[1]: *** [CMakeFiles/cmTC_2f732.dir/cxx11.cpp.o] Error 1
make[1]: Leaving directory '/home/stacia/eclipse-workspace/CompVisionProject/opencv/build/CMakeFiles/CMakeTmp'
Makefile:126: recipe for target 'cmTC_2f732/fast' failed
make: *** [cmTC_2f732/fast] Error 2

===== END =====

Build output check failed:
    Regex: 'command line option .* is valid for .* but not for C\+\+'
    Output line: 'cc1plus: warning: command line option ‘-Wmissing-prototypes’ is valid for C/ObjC but not for C++'
Compilation failed:
    source file: '/home/stacia/eclipse-workspace/CompVisionProject/opencv/build/CMakeFiles/CMakeTmp/src.cxx'
    check option: ' -fsigned-char -W -Wall -Werror=return-type -Werror=non-virtual-dtor -Werror=address -Werror=sequence-point -Wformat -Werror=format-security -Wmissing-declarations  -Wmissing-prototypes'
===== BUILD LOG =====
Change Dir: /home/stacia/eclipse-workspace/CompVisionProject/opencv/build/CMakeFiles/CMakeTmp

Run Build Command:"/usr/bin/make" "cmTC_0e9bc/fast"
/usr/bin/make -f CMakeFiles/cmTC_0e9bc.dir/build.make CMakeFiles/cmTC_0e9bc.dir/build
make[1]: Entering directory '/home/stacia/eclipse-workspace/CompVisionProject/opencv/build/CMakeFiles/CMakeTmp'
Building CXX object CMakeFiles/cmTC_0e9bc.dir/src.cxx.o
/usr/bin/c++     -O3 -DNDEBUG   -fsigned-char -W -Wall -Werror=return-type -Werror=non-virtual-dtor -Werror=address -Werror=sequence-point -Wformat -Werror=format-security -Wmissing-declarations -Wmissing-prototypes -o CMakeFiles/cmTC_0e9bc.dir/src.cxx.o -c /home/stacia/eclipse-workspace/CompVisionProject/opencv/build/CMakeFiles/CMakeTmp/src.cxx
cc1plus: warning: command line option ‘-Wmissing-prototypes’ is valid for C/ObjC but not for C++
/home/stacia/eclipse-workspace/CompVisionProject/opencv/build/CMakeFiles/CMakeTmp/src.cxx:1:0: warning: ignoring #pragma   [-Wunknown-pragmas]
 #pragma
 ^
Linking CXX executable cmTC_0e9bc
/usr/bin/cmake -E cmake_link_script CMakeFiles/cmTC_0e9bc.dir/link.txt --verbose=1
/usr/bin/c++     -O3 -DNDEBUG    CMakeFiles/cmTC_0e9bc.dir/src.cxx.o  -o cmTC_0e9bc -rdynamic 
make[1]: Leaving directory '/home/stacia/eclipse-workspace/CompVisionProject/opencv/build/CMakeFiles/CMakeTmp'

===== END =====

Build output check failed:
    Regex: 'command line option .* is valid for .* but not for C\+\+'
    Output line: 'cc1plus: warning: command line option ‘-Wstrict-prototypes’ is valid for C/ObjC but not for C++'
Compilation failed:
    source file: '/home/stacia/eclipse-workspace/CompVisionProject/opencv/build/CMakeFiles/CMakeTmp/src.cxx'
    check option: ' -fsigned-char -W -Wall -Werror=return-type -Werror=non-virtual-dtor -Werror=address -Werror=sequence-point -Wformat -Werror=format-security -Wmissing-declarations  -Wstrict-prototypes'
===== BUILD LOG =====
Change Dir: /home/stacia/eclipse-workspace/CompVisionProject/opencv/build/CMakeFiles/CMakeTmp

Run Build Command:"/usr/bin/make" "cmTC_87ad7/fast"
/usr/bin/make -f CMakeFiles/cmTC_87ad7.dir/build.make CMakeFiles/cmTC_87ad7.dir/build
make[1]: Entering directory '/home/stacia/eclipse-workspace/CompVisionProject/opencv/build/CMakeFiles/CMakeTmp'
Building CXX object CMakeFiles/cmTC_87ad7.dir/src.cxx.o
/usr/bin/c++     -O3 -DNDEBUG   -fsigned-char -W -Wall -Werror=return-type -Werror=non-virtual-dtor -Werror=address -Werror=sequence-point -Wformat -Werror=format-security -Wmissing-declarations -Wstrict-prototypes -o CMakeFiles/cmTC_87ad7.dir/src.cxx.o -c /home/stacia/eclipse-workspace/CompVisionProject/opencv/build/CMakeFiles/CMakeTmp/src.cxx
cc1plus: warning: command line option ‘-Wstrict-prototypes’ is valid for C/ObjC but not for C++
/home/stacia/eclipse-workspace/CompVisionProject/opencv/build/CMakeFiles/CMakeTmp/src.cxx:1:0: warning: ignoring #pragma   [-Wunknown-pragmas]
 #pragma
 ^
Linking CXX executable cmTC_87ad7
/usr/bin/cmake -E cmake_link_script CMakeFiles/cmTC_87ad7.dir/link.txt --verbose=1
/usr/bin/c++     -O3 -DNDEBUG    CMakeFiles/cmTC_87ad7.dir/src.cxx.o  -o cmTC_87ad7 -rdynamic 
make[1]: Leaving directory '/home/stacia/eclipse-workspace/CompVisionProject/opencv/build/CMakeFiles/CMakeTmp'

===== END =====

Build output check failed:
    Regex: 'command line option .* is valid for .* but not for C'
    Output line: 'cc1: warning: command line option ‘-Wsign-promo’ is valid for C++/ObjC++ but not for C'
Compilation failed:
    source file: '/home/stacia/eclipse-workspace/CompVisionProject/opencv/build/CMakeFiles/CMakeTmp/src.c'
    check option: ' -fsigned-char -W -Wall -Werror=return-type -Werror=non-virtual-dtor -Werror=address -Werror=sequence-point -Wformat -Werror=format-security -Wmissing-declarations -Wmissing-prototypes -Wstrict-prototypes -Wundef -Winit-self -Wpointer-arith -Wshadow  -Wsign-promo'
===== BUILD LOG =====
Change Dir: /home/stacia/eclipse-workspace/CompVisionProject/opencv/build/CMakeFiles/CMakeTmp

Run Build Command:"/usr/bin/make" "cmTC_8e252/fast"
/usr/bin/make -f CMakeFiles/cmTC_8e252.dir/build.make CMakeFiles/cmTC_8e252.dir/build
make[1]: Entering directory '/home/stacia/eclipse-workspace/CompVisionProject/opencv/build/CMakeFiles/CMakeTmp'
Building C object CMakeFiles/cmTC_8e252.dir/src.c.o
/usr/bin/cc    -O3 -DNDEBUG   -fsigned-char -W -Wall -Werror=return-type -Werror=non-virtual-dtor -Werror=address -Werror=sequence-point -Wformat -Werror=format-security -Wmissing-declarations -Wmissing-prototypes -Wstrict-prototypes -Wundef -Winit-self -Wpointer-arith -Wshadow -Wsign-promo -o CMakeFiles/cmTC_8e252.dir/src.c.o   -c /home/stacia/eclipse-workspace/CompVisionProject/opencv/build/CMakeFiles/CMakeTmp/src.c
cc1: warning: command line option ‘-Wsign-promo’ is valid for C++/ObjC++ but not for C
/home/stacia/eclipse-workspace/CompVisionProject/opencv/build/CMakeFiles/CMakeTmp/src.c:1:0: warning: ignoring #pragma   [-Wunknown-pragmas]
 #pragma
 ^
Linking C executable cmTC_8e252
/usr/bin/cmake -E cmake_link_script CMakeFiles/cmTC_8e252.dir/link.txt --verbose=1
/usr/bin/cc    -O3 -DNDEBUG    CMakeFiles/cmTC_8e252.dir/src.c.o  -o cmTC_8e252 -rdynamic 
make[1]: Leaving directory '/home/stacia/eclipse-workspace/CompVisionProject/opencv/build/CMakeFiles/CMakeTmp'

===== END =====

Build output check failed:
    Regex: 'command line option .* is valid for .* but not for C'
    Output line: 'cc1: warning: command line option ‘-Wno-delete-non-virtual-dtor’ is valid for C++/ObjC++ but not for C'
Compilation failed:
    source file: '/home/stacia/eclipse-workspace/CompVisionProject/opencv/build/CMakeFiles/CMakeTmp/src.c'
    check option: ' -fsigned-char -W -Wall -Werror=return-type -Werror=non-virtual-dtor -Werror=address -Werror=sequence-point -Wformat -Werror=format-security -Wmissing-declarations -Wmissing-prototypes -Wstrict-prototypes -Wundef -Winit-self -Wpointer-arith -Wshadow -Wuninitialized -Winit-self -Wno-narrowing  -Wno-delete-non-virtual-dtor'
===== BUILD LOG =====
Change Dir: /home/stacia/eclipse-workspace/CompVisionProject/opencv/build/CMakeFiles/CMakeTmp

Run Build Command:"/usr/bin/make" "cmTC_aac29/fast"
/usr/bin/make -f CMakeFiles/cmTC_aac29.dir/build.make CMakeFiles/cmTC_aac29.dir/build
make[1]: Entering directory '/home/stacia/eclipse-workspace/CompVisionProject/opencv/build/CMakeFiles/CMakeTmp'
Building C object CMakeFiles/cmTC_aac29.dir/src.c.o
/usr/bin/cc    -O3 -DNDEBUG   -fsigned-char -W -Wall -Werror=return-type -Werror=non-virtual-dtor -Werror=address -Werror=sequence-point -Wformat -Werror=format-security -Wmissing-declarations -Wmissing-prototypes -Wstrict-prototypes -Wundef -Winit-self -Wpointer-arith -Wshadow -Wuninitialized -Winit-self -Wno-narrowing -Wno-delete-non-virtual-dtor -o CMakeFiles/cmTC_aac29.dir/src.c.o   -c /home/stacia/eclipse-workspace/CompVisionProject/opencv/build/CMakeFiles/CMakeTmp/src.c
cc1: warning: command line option ‘-Wno-delete-non-virtual-dtor’ is valid for C++/ObjC++ but not for C
/home/stacia/eclipse-workspace/CompVisionProject/opencv/build/CMakeFiles/CMakeTmp/src.c:1:0: warning: ignoring #pragma   [-Wunknown-pragmas]
 #pragma
 ^
Linking C executable cmTC_aac29
/usr/bin/cmake -E cmake_link_script CMakeFiles/cmTC_aac29.dir/link.txt --verbose=1
/usr/bin/cc    -O3 -DNDEBUG    CMakeFiles/cmTC_aac29.dir/src.c.o  -o cmTC_aac29 -rdynamic 
make[1]: Leaving directory '/home/stacia/eclipse-workspace/CompVisionProject/opencv/build/CMakeFiles/CMakeTmp'

===== END =====

Build output check failed:
    Regex: 'unrecognized .*option'
    Output line: 'cc1plus: warning: unrecognized command line option ‘-Wno-unnamed-type-template-args’'
Compilation failed:
    source file: '/home/stacia/eclipse-workspace/CompVisionProject/opencv/build/CMakeFiles/CMakeTmp/src.cxx'
    check option: ' -fsigned-char -W -Wall -Werror=return-type -Werror=non-virtual-dtor -Werror=address -Werror=sequence-point -Wformat -Werror=format-security -Wmissing-declarations -Wundef -Winit-self -Wpointer-arith -Wshadow -Wsign-promo -Wuninitialized -Winit-self -Wno-narrowing -Wno-delete-non-virtual-dtor  -Wno-unnamed-type-template-args'
===== BUILD LOG =====
Change Dir: /home/stacia/eclipse-workspace/CompVisionProject/opencv/build/CMakeFiles/CMakeTmp

Run Build Command:"/usr/bin/make" "cmTC_f02b7/fast"
/usr/bin/make -f CMakeFiles/cmTC_f02b7.dir/build.make CMakeFiles/cmTC_f02b7.dir/build
make[1]: Entering directory '/home/stacia/eclipse-workspace/CompVisionProject/opencv/build/CMakeFiles/CMakeTmp'
Building CXX object CMakeFiles/cmTC_f02b7.dir/src.cxx.o
/usr/bin/c++     -O3 -DNDEBUG   -fsigned-char -W -Wall -Werror=return-type -Werror=non-virtual-dtor -Werror=address -Werror=sequence-point -Wformat -Werror=format-security -Wmissing-declarations -Wundef -Winit-self -Wpointer-arith -Wshadow -Wsign-promo -Wuninitialized -Winit-self -Wno-narrowing -Wno-delete-non-virtual-dtor -Wno-unnamed-type-template-args -o CMakeFiles/cmTC_f02b7.dir/src.cxx.o -c /home/stacia/eclipse-workspace/CompVisionProject/opencv/build/CMakeFiles/CMakeTmp/src.cxx
/home/stacia/eclipse-workspace/CompVisionProject/opencv/build/CMakeFiles/CMakeTmp/src.cxx:1:0: warning: ignoring #pragma   [-Wunknown-pragmas]
 #pragma
 ^
cc1plus: warning: unrecognized command line option ‘-Wno-unnamed-type-template-args’
Linking CXX executable cmTC_f02b7
/usr/bin/cmake -E cmake_link_script CMakeFiles/cmTC_f02b7.dir/link.txt --verbose=1
/usr/bin/c++     -O3 -DNDEBUG    CMakeFiles/cmTC_f02b7.dir/src.cxx.o  -o cmTC_f02b7 -rdynamic 
make[1]: Leaving directory '/home/stacia/eclipse-workspace/CompVisionProject/opencv/build/CMakeFiles/CMakeTmp'

===== END =====

Build output check failed:
    Regex: 'unrecognized .*option'
    Output line: 'cc1: warning: unrecognized command line option ‘-Wno-unnamed-type-template-args’'
Compilation failed:
    source file: '/home/stacia/eclipse-workspace/CompVisionProject/opencv/build/CMakeFiles/CMakeTmp/src.c'
    check option: ' -fsigned-char -W -Wall -Werror=return-type -Werror=non-virtual-dtor -Werror=address -Werror=sequence-point -Wformat -Werror=format-security -Wmissing-declarations -Wmissing-prototypes -Wstrict-prototypes -Wundef -Winit-self -Wpointer-arith -Wshadow -Wuninitialized -Winit-self -Wno-narrowing  -Wno-unnamed-type-template-args'
===== BUILD LOG =====
Change Dir: /home/stacia/eclipse-workspace/CompVisionProject/opencv/build/CMakeFiles/CMakeTmp

Run Build Command:"/usr/bin/make" "cmTC_66dc2/fast"
/usr/bin/make -f CMakeFiles/cmTC_66dc2.dir/build.make CMakeFiles/cmTC_66dc2.dir/build
make[1]: Entering directory '/home/stacia/eclipse-workspace/CompVisionProject/opencv/build/CMakeFiles/CMakeTmp'
Building C object CMakeFiles/cmTC_66dc2.dir/src.c.o
/usr/bin/cc    -O3 -DNDEBUG   -fsigned-char -W -Wall -Werror=return-type -Werror=non-virtual-dtor -Werror=address -Werror=sequence-point -Wformat -Werror=format-security -Wmissing-declarations -Wmissing-prototypes -Wstrict-prototypes -Wundef -Winit-self -Wpointer-arith -Wshadow -Wuninitialized -Winit-self -Wno-narrowing -Wno-unnamed-type-template-args -o CMakeFiles/cmTC_66dc2.dir/src.c.o   -c /home/stacia/eclipse-workspace/CompVisionProject/opencv/build/CMakeFiles/CMakeTmp/src.c
/home/stacia/eclipse-workspace/CompVisionProject/opencv/build/CMakeFiles/CMakeTmp/src.c:1:0: warning: ignoring #pragma   [-Wunknown-pragmas]
 #pragma
 ^
cc1: warning: unrecognized command line option ‘-Wno-unnamed-type-template-args’
Linking C executable cmTC_66dc2
/usr/bin/cmake -E cmake_link_script CMakeFiles/cmTC_66dc2.dir/link.txt --verbose=1
/usr/bin/cc    -O3 -DNDEBUG    CMakeFiles/cmTC_66dc2.dir/src.c.o  -o cmTC_66dc2 -rdynamic 
make[1]: Leaving directory '/home/stacia/eclipse-workspace/CompVisionProject/opencv/build/CMakeFiles/CMakeTmp'

===== END =====

Build output check failed:
    Regex: 'unrecognized .*option'
    Output line: 'cc1plus: warning: unrecognized command line option ‘-Wno-implicit-fallthrough’'
Compilation failed:
    source file: '/home/stacia/eclipse-workspace/CompVisionProject/opencv/build/CMakeFiles/CMakeTmp/src.cxx'
    check option: ' -fsigned-char -W -Wall -Werror=return-type -Werror=non-virtual-dtor -Werror=address -Werror=sequence-point -Wformat -Werror=format-security -Wmissing-declarations -Wundef -Winit-self -Wpointer-arith -Wshadow -Wsign-promo -Wuninitialized -Winit-self -Wno-narrowing -Wno-delete-non-virtual-dtor -Wno-comment  -Wno-implicit-fallthrough'
===== BUILD LOG =====
Change Dir: /home/stacia/eclipse-workspace/CompVisionProject/opencv/build/CMakeFiles/CMakeTmp

Run Build Command:"/usr/bin/make" "cmTC_f0628/fast"
/usr/bin/make -f CMakeFiles/cmTC_f0628.dir/build.make CMakeFiles/cmTC_f0628.dir/build
make[1]: Entering directory '/home/stacia/eclipse-workspace/CompVisionProject/opencv/build/CMakeFiles/CMakeTmp'
Building CXX object CMakeFiles/cmTC_f0628.dir/src.cxx.o
/usr/bin/c++     -O3 -DNDEBUG   -fsigned-char -W -Wall -Werror=return-type -Werror=non-virtual-dtor -Werror=address -Werror=sequence-point -Wformat -Werror=format-security -Wmissing-declarations -Wundef -Winit-self -Wpointer-arith -Wshadow -Wsign-promo -Wuninitialized -Winit-self -Wno-narrowing -Wno-delete-non-virtual-dtor -Wno-comment -Wno-implicit-fallthrough -o CMakeFiles/cmTC_f0628.dir/src.cxx.o -c /home/stacia/eclipse-workspace/CompVisionProject/opencv/build/CMakeFiles/CMakeTmp/src.cxx
/home/stacia/eclipse-workspace/CompVisionProject/opencv/build/CMakeFiles/CMakeTmp/src.cxx:1:0: warning: ignoring #pragma   [-Wunknown-pragmas]
 #pragma
 ^
cc1plus: warning: unrecognized command line option ‘-Wno-implicit-fallthrough’
Linking CXX executable cmTC_f0628
/usr/bin/cmake -E cmake_link_script CMakeFiles/cmTC_f0628.dir/link.txt --verbose=1
/usr/bin/c++     -O3 -DNDEBUG    CMakeFiles/cmTC_f0628.dir/src.cxx.o  -o cmTC_f0628 -rdynamic 
make[1]: Leaving directory '/home/stacia/eclipse-workspace/CompVisionProject/opencv/build/CMakeFiles/CMakeTmp'

===== END =====

Build output check failed:
    Regex: 'unrecognized .*option'
    Output line: 'cc1: warning: unrecognized command line option ‘-Wno-implicit-fallthrough’'
Compilation failed:
    source file: '/home/stacia/eclipse-workspace/CompVisionProject/opencv/build/CMakeFiles/CMakeTmp/src.c'
    check option: ' -fsigned-char -W -Wall -Werror=return-type -Werror=non-virtual-dtor -Werror=address -Werror=sequence-point -Wformat -Werror=format-security -Wmissing-declarations -Wmissing-prototypes -Wstrict-prototypes -Wundef -Winit-self -Wpointer-arith -Wshadow -Wuninitialized -Winit-self -Wno-narrowing -Wno-comment  -Wno-implicit-fallthrough'
===== BUILD LOG =====
Change Dir: /home/stacia/eclipse-workspace/CompVisionProject/opencv/build/CMakeFiles/CMakeTmp

Run Build Command:"/usr/bin/make" "cmTC_8688d/fast"
/usr/bin/make -f CMakeFiles/cmTC_8688d.dir/build.make CMakeFiles/cmTC_8688d.dir/build
make[1]: Entering directory '/home/stacia/eclipse-workspace/CompVisionProject/opencv/build/CMakeFiles/CMakeTmp'
Building C object CMakeFiles/cmTC_8688d.dir/src.c.o
/usr/bin/cc    -O3 -DNDEBUG   -fsigned-char -W -Wall -Werror=return-type -Werror=non-virtual-dtor -Werror=address -Werror=sequence-point -Wformat -Werror=format-security -Wmissing-declarations -Wmissing-prototypes -Wstrict-prototypes -Wundef -Winit-self -Wpointer-arith -Wshadow -Wuninitialized -Winit-self -Wno-narrowing -Wno-comment -Wno-implicit-fallthrough -o CMakeFiles/cmTC_8688d.dir/src.c.o   -c /home/stacia/eclipse-workspace/CompVisionProject/opencv/build/CMakeFiles/CMakeTmp/src.c
/home/stacia/eclipse-workspace/CompVisionProject/opencv/build/CMakeFiles/CMakeTmp/src.c:1:0: warning: ignoring #pragma   [-Wunknown-pragmas]
 #pragma
 ^
cc1: warning: unrecognized command line option ‘-Wno-implicit-fallthrough’
Linking C executable cmTC_8688d
/usr/bin/cmake -E cmake_link_script CMakeFiles/cmTC_8688d.dir/link.txt --verbose=1
/usr/bin/cc    -O3 -DNDEBUG    CMakeFiles/cmTC_8688d.dir/src.c.o  -o cmTC_8688d -rdynamic 
make[1]: Leaving directory '/home/stacia/eclipse-workspace/CompVisionProject/opencv/build/CMakeFiles/CMakeTmp'

===== END =====

Build output check failed:
    Regex: 'command line option .* is valid for .* but not for C'
    Output line: 'cc1: warning: command line option ‘-fvisibility-inlines-hidden’ is valid for C++/ObjC++ but not for C'
Compilation failed:
    source file: '/home/stacia/eclipse-workspace/CompVisionProject/opencv/build/CMakeFiles/CMakeTmp/src.c'
    check option: ' -fsigned-char -W -Wall -Werror=return-type -Werror=non-virtual-dtor -Werror=address -Werror=sequence-point -Wformat -Werror=format-security -Wmissing-declarations -Wmissing-prototypes -Wstrict-prototypes -Wundef -Winit-self -Wpointer-arith -Wshadow -Wuninitialized -Winit-self -Wno-narrowing -Wno-comment -fdiagnostics-show-option -Wno-long-long -pthread -fomit-frame-pointer -ffunction-sections  -msse -msse2 -msse3 -fvisibility=hidden  -fvisibility-inlines-hidden'
===== BUILD LOG =====
Change Dir: /home/stacia/eclipse-workspace/CompVisionProject/opencv/build/CMakeFiles/CMakeTmp

Run Build Command:"/usr/bin/make" "cmTC_b944f/fast"
/usr/bin/make -f CMakeFiles/cmTC_b944f.dir/build.make CMakeFiles/cmTC_b944f.dir/build
make[1]: Entering directory '/home/stacia/eclipse-workspace/CompVisionProject/opencv/build/CMakeFiles/CMakeTmp'
Building C object CMakeFiles/cmTC_b944f.dir/src.c.o
/usr/bin/cc    -O3 -DNDEBUG   -fsigned-char -W -Wall -Werror=return-type -Werror=non-virtual-dtor -Werror=address -Werror=sequence-point -Wformat -Werror=format-security -Wmissing-declarations -Wmissing-prototypes -Wstrict-prototypes -Wundef -Winit-self -Wpointer-arith -Wshadow -Wuninitialized -Winit-self -Wno-narrowing -Wno-comment -fdiagnostics-show-option -Wno-long-long -pthread -fomit-frame-pointer -ffunction-sections -msse -msse2 -msse3 -fvisibility=hidden -fvisibility-inlines-hidden -o CMakeFiles/cmTC_b944f.dir/src.c.o   -c /home/stacia/eclipse-workspace/CompVisionProject/opencv/build/CMakeFiles/CMakeTmp/src.c
cc1: warning: command line option ‘-fvisibility-inlines-hidden’ is valid for C++/ObjC++ but not for C
/home/stacia/eclipse-workspace/CompVisionProject/opencv/build/CMakeFiles/CMakeTmp/src.c:1:0: warning: ignoring #pragma   [-Wunknown-pragmas]
 #pragma
 ^
Linking C executable cmTC_b944f
/usr/bin/cmake -E cmake_link_script CMakeFiles/cmTC_b944f.dir/link.txt --verbose=1
/usr/bin/cc    -O3 -DNDEBUG    CMakeFiles/cmTC_b944f.dir/src.c.o  -o cmTC_b944f -rdynamic 
make[1]: Leaving directory '/home/stacia/eclipse-workspace/CompVisionProject/opencv/build/CMakeFiles/CMakeTmp'

===== END =====

Determining if the system is big endian passed with the following output:
Change Dir: /home/stacia/eclipse-workspace/CompVisionProject/opencv/build/CMakeFiles/CMakeTmp

Run Build Command:"/usr/bin/make" "cmTC_7bbe6/fast"
/usr/bin/make -f CMakeFiles/cmTC_7bbe6.dir/build.make CMakeFiles/cmTC_7bbe6.dir/build
make[1]: Entering directory '/home/stacia/eclipse-workspace/CompVisionProject/opencv/build/CMakeFiles/CMakeTmp'
Building C object CMakeFiles/cmTC_7bbe6.dir/TestEndianess.c.o
/usr/bin/cc    -fPIC   -fsigned-char -W -Wall -Werror=return-type -Werror=non-virtual-dtor -Werror=address -Werror=sequence-point -Wformat -Werror=format-security -Wmissing-declarations -Wmissing-prototypes -Wstrict-prototypes -Wundef -Winit-self -Wpointer-arith -Wshadow -Wuninitialized -Winit-self -Wno-narrowing -Wno-comment -fdiagnostics-show-option -Wno-long-long -pthread -fomit-frame-pointer -ffunction-sections  -msse -msse2 -msse3 -fvisibility=hidden  -O3 -DNDEBUG   -o CMakeFiles/cmTC_7bbe6.dir/TestEndianess.c.o   -c /home/stacia/eclipse-workspace/CompVisionProject/opencv/build/CMakeFiles/CMakeTmp/TestEndianess.c
Linking C executable cmTC_7bbe6
/usr/bin/cmake -E cmake_link_script CMakeFiles/cmTC_7bbe6.dir/link.txt --verbose=1
/usr/bin/cc   -fPIC   -fsigned-char -W -Wall -Werror=return-type -Werror=non-virtual-dtor -Werror=address -Werror=sequence-point -Wformat -Werror=format-security -Wmissing-declarations -Wmissing-prototypes -Wstrict-prototypes -Wundef -Winit-self -Wpointer-arith -Wshadow -Wuninitialized -Winit-self -Wno-narrowing -Wno-comment -fdiagnostics-show-option -Wno-long-long -pthread -fomit-frame-pointer -ffunction-sections  -msse -msse2 -msse3 -fvisibility=hidden  -O3 -DNDEBUG     CMakeFiles/cmTC_7bbe6.dir/TestEndianess.c.o  -o cmTC_7bbe6 -rdynamic 
make[1]: Leaving directory '/home/stacia/eclipse-workspace/CompVisionProject/opencv/build/CMakeFiles/CMakeTmp'

TestEndianess.c:
/* A 16 bit integer is required. */
typedef unsigned short cmakeint16;

/* On a little endian machine, these 16bit ints will give "THIS IS LITTLE ENDIAN."
   On a big endian machine the characters will be exchanged pairwise. */
const cmakeint16 info_little[] =  {0x4854, 0x5349, 0x4920, 0x2053, 0x494c, 0x5454, 0x454c, 0x4520, 0x444e, 0x4149, 0x2e4e, 0x0000};

/* on a big endian machine, these 16bit ints will give "THIS IS BIG ENDIAN."
   On a little endian machine the characters will be exchanged pairwise. */
const cmakeint16 info_big[] =     {0x5448, 0x4953, 0x2049, 0x5320, 0x4249, 0x4720, 0x454e, 0x4449, 0x414e, 0x2e2e, 0x0000};

#ifdef __CLASSIC_C__
int main(argc, argv) int argc; char *argv[];
#else
int main(int argc, char *argv[])
#endif
{
  int require = 0;
  require += info_little[argc];
  require += info_big[argc];
  (void)argv;
  return require;
}


Determining size of off64_t failed with the following output:
Change Dir: /home/stacia/eclipse-workspace/CompVisionProject/opencv/build/CMakeFiles/CMakeTmp

Run Build Command:"/usr/bin/make" "cmTC_4585b/fast"
/usr/bin/make -f CMakeFiles/cmTC_4585b.dir/build.make CMakeFiles/cmTC_4585b.dir/build
make[1]: Entering directory '/home/stacia/eclipse-workspace/CompVisionProject/opencv/build/CMakeFiles/CMakeTmp'
Building C object CMakeFiles/cmTC_4585b.dir/OFF64_T.c.o
/usr/bin/cc    -fPIC   -fsigned-char -W -Wall -Werror=return-type -Werror=non-virtual-dtor -Werror=address -Werror=sequence-point -Wformat -Werror=format-security -Wmissing-declarations -Wmissing-prototypes -Wstrict-prototypes -Wundef -Winit-self -Wpointer-arith -Wshadow -Wuninitialized -Winit-self -Wno-narrowing -Wno-comment -fdiagnostics-show-option -Wno-long-long -pthread -fomit-frame-pointer -ffunction-sections  -msse -msse2 -msse3 -fvisibility=hidden  -O3 -DNDEBUG   -o CMakeFiles/cmTC_4585b.dir/OFF64_T.c.o   -c /home/stacia/eclipse-workspace/CompVisionProject/opencv/build/CMakeFiles/CheckTypeSize/OFF64_T.c
/home/stacia/eclipse-workspace/CompVisionProject/opencv/build/CMakeFiles/CheckTypeSize/OFF64_T.c:17:22: error: ‘off64_t’ undeclared here (not in a function)
 #define SIZE (sizeof(off64_t))
                      ^
/home/stacia/eclipse-workspace/CompVisionProject/opencv/build/CMakeFiles/CheckTypeSize/OFF64_T.c:19:12: note: in expansion of macro ‘SIZE’
   ('0' + ((SIZE / 10000)%10)),
            ^
CMakeFiles/cmTC_4585b.dir/build.make:65: recipe for target 'CMakeFiles/cmTC_4585b.dir/OFF64_T.c.o' failed
make[1]: *** [CMakeFiles/cmTC_4585b.dir/OFF64_T.c.o] Error 1
make[1]: Leaving directory '/home/stacia/eclipse-workspace/CompVisionProject/opencv/build/CMakeFiles/CMakeTmp'
Makefile:126: recipe for target 'cmTC_4585b/fast' failed
make: *** [cmTC_4585b/fast] Error 2

/home/stacia/eclipse-workspace/CompVisionProject/opencv/build/CMakeFiles/CheckTypeSize/OFF64_T.c:
#include <sys/types.h>
#include <stdint.h>
#include <stddef.h>


#undef KEY
#if defined(__i386)
# define KEY '_','_','i','3','8','6'
#elif defined(__x86_64)
# define KEY '_','_','x','8','6','_','6','4'
#elif defined(__ppc__)
# define KEY '_','_','p','p','c','_','_'
#elif defined(__ppc64__)
# define KEY '_','_','p','p','c','6','4','_','_'
#endif

#define SIZE (sizeof(off64_t))
char info_size[] =  {'I', 'N', 'F', 'O', ':', 's','i','z','e','[',
  ('0' + ((SIZE / 10000)%10)),
  ('0' + ((SIZE / 1000)%10)),
  ('0' + ((SIZE / 100)%10)),
  ('0' + ((SIZE / 10)%10)),
  ('0' +  (SIZE    % 10)),
  ']',
#ifdef KEY
  ' ','k','e','y','[', KEY, ']',
#endif
  '\0'};

#ifdef __CLASSIC_C__
int main(argc, argv) int argc; char *argv[];
#else
int main(int argc, char *argv[])
#endif
{
  int require = 0;
  require += info_size[argc];
  (void)argv;
  return require;
}


Build output check failed:
    Regex: 'unrecognized .*option'
    Output line: 'cc1: warning: unrecognized command line option ‘-Wno-shorten-64-to-32’'
Compilation failed:
    source file: '/home/stacia/eclipse-workspace/CompVisionProject/opencv/build/CMakeFiles/CMakeTmp/src.c'
    check option: ' -Wno-shorten-64-to-32'
===== BUILD LOG =====
Change Dir: /home/stacia/eclipse-workspace/CompVisionProject/opencv/build/CMakeFiles/CMakeTmp

Run Build Command:"/usr/bin/make" "cmTC_4a887/fast"
/usr/bin/make -f CMakeFiles/cmTC_4a887.dir/build.make CMakeFiles/cmTC_4a887.dir/build
make[1]: Entering directory '/home/stacia/eclipse-workspace/CompVisionProject/opencv/build/CMakeFiles/CMakeTmp'
Building C object CMakeFiles/cmTC_4a887.dir/src.c.o
/usr/bin/cc    -fPIC   -fsigned-char -W -Wall -Werror=return-type -Werror=non-virtual-dtor -Werror=address -Werror=sequence-point -Wformat -Werror=format-security -Wmissing-declarations -Wmissing-prototypes -Wstrict-prototypes -Wundef -Winit-self -Wpointer-arith -Wshadow -Wuninitialized -Winit-self -Wno-narrowing -Wno-comment -fdiagnostics-show-option -Wno-long-long -pthread -fomit-frame-pointer -ffunction-sections  -msse -msse2 -msse3 -fvisibility=hidden -fPIC  -O3 -DNDEBUG   -Wno-shorten-64-to-32 -o CMakeFiles/cmTC_4a887.dir/src.c.o   -c /home/stacia/eclipse-workspace/CompVisionProject/opencv/build/CMakeFiles/CMakeTmp/src.c
/home/stacia/eclipse-workspace/CompVisionProject/opencv/build/CMakeFiles/CMakeTmp/src.c:1:0: warning: ignoring #pragma   [-Wunknown-pragmas]
 #pragma
 ^
cc1: warning: unrecognized command line option ‘-Wno-shorten-64-to-32’
Linking C executable cmTC_4a887
/usr/bin/cmake -E cmake_link_script CMakeFiles/cmTC_4a887.dir/link.txt --verbose=1
/usr/bin/cc   -fPIC   -fsigned-char -W -Wall -Werror=return-type -Werror=non-virtual-dtor -Werror=address -Werror=sequence-point -Wformat -Werror=format-security -Wmissing-declarations -Wmissing-prototypes -Wstrict-prototypes -Wundef -Winit-self -Wpointer-arith -Wshadow -Wuninitialized -Winit-self -Wno-narrowing -Wno-comment -fdiagnostics-show-option -Wno-long-long -pthread -fomit-frame-pointer -ffunction-sections  -msse -msse2 -msse3 -fvisibility=hidden -fPIC  -O3 -DNDEBUG     CMakeFiles/cmTC_4a887.dir/src.c.o  -o cmTC_4a887 -rdynamic 
make[1]: Leaving directory '/home/stacia/eclipse-workspace/CompVisionProject/opencv/build/CMakeFiles/CMakeTmp'

===== END =====

Build output check failed:
    Regex: 'unrecognized .*option'
    Output line: 'cc1: warning: unrecognized command line option ‘-Wno-shift-negative-value’'
Compilation failed:
    source file: '/home/stacia/eclipse-workspace/CompVisionProject/opencv/build/CMakeFiles/CMakeTmp/src.c'
    check option: ' -Wno-shift-negative-value'
===== BUILD LOG =====
Change Dir: /home/stacia/eclipse-workspace/CompVisionProject/opencv/build/CMakeFiles/CMakeTmp

Run Build Command:"/usr/bin/make" "cmTC_4b381/fast"
/usr/bin/make -f CMakeFiles/cmTC_4b381.dir/build.make CMakeFiles/cmTC_4b381.dir/build
make[1]: Entering directory '/home/stacia/eclipse-workspace/CompVisionProject/opencv/build/CMakeFiles/CMakeTmp'
Building C object CMakeFiles/cmTC_4b381.dir/src.c.o
/usr/bin/cc    -fPIC   -fsigned-char -W -Wall -Werror=return-type -Werror=non-virtual-dtor -Werror=address -Werror=sequence-point -Wformat -Werror=format-security    -Wundef -Winit-self -Wpointer-arith -Wshadow -Wuninitialized -Winit-self -Wno-narrowing -Wno-comment -fdiagnostics-show-option -Wno-long-long -pthread -fomit-frame-pointer -ffunction-sections  -msse -msse2 -msse3 -fvisibility=hidden -fPIC -Wno-attributes -Wno-strict-prototypes -Wno-missing-prototypes -Wno-missing-declarations  -O3 -DNDEBUG   -Wno-shift-negative-value -o CMakeFiles/cmTC_4b381.dir/src.c.o   -c /home/stacia/eclipse-workspace/CompVisionProject/opencv/build/CMakeFiles/CMakeTmp/src.c
/home/stacia/eclipse-workspace/CompVisionProject/opencv/build/CMakeFiles/CMakeTmp/src.c:1:0: warning: ignoring #pragma   [-Wunknown-pragmas]
 #pragma
 ^
cc1: warning: unrecognized command line option ‘-Wno-shift-negative-value’
Linking C executable cmTC_4b381
/usr/bin/cmake -E cmake_link_script CMakeFiles/cmTC_4b381.dir/link.txt --verbose=1
/usr/bin/cc   -fPIC   -fsigned-char -W -Wall -Werror=return-type -Werror=non-virtual-dtor -Werror=address -Werror=sequence-point -Wformat -Werror=format-security    -Wundef -Winit-self -Wpointer-arith -Wshadow -Wuninitialized -Winit-self -Wno-narrowing -Wno-comment -fdiagnostics-show-option -Wno-long-long -pthread -fomit-frame-pointer -ffunction-sections  -msse -msse2 -msse3 -fvisibility=hidden -fPIC -Wno-attributes -Wno-strict-prototypes -Wno-missing-prototypes -Wno-missing-declarations  -O3 -DNDEBUG     CMakeFiles/cmTC_4b381.dir/src.c.o  -o cmTC_4b381 -rdynamic 
make[1]: Leaving directory '/home/stacia/eclipse-workspace/CompVisionProject/opencv/build/CMakeFiles/CMakeTmp'

===== END =====

Determining if the include file io.h exists failed with the following output:
Change Dir: /home/stacia/eclipse-workspace/CompVisionProject/opencv/build/CMakeFiles/CMakeTmp

Run Build Command:"/usr/bin/make" "cmTC_b130d/fast"
/usr/bin/make -f CMakeFiles/cmTC_b130d.dir/build.make CMakeFiles/cmTC_b130d.dir/build
make[1]: Entering directory '/home/stacia/eclipse-workspace/CompVisionProject/opencv/build/CMakeFiles/CMakeTmp'
Building C object CMakeFiles/cmTC_b130d.dir/CheckIncludeFile.c.o
/usr/bin/cc    -fPIC   -fsigned-char -W -Wall -Werror=return-type -Werror=non-virtual-dtor -Werror=address -Werror=sequence-point -Wformat -Werror=format-security -Wmissing-declarations -Wmissing-prototypes -Wstrict-prototypes -Wundef -Winit-self -Wpointer-arith -Wshadow -Wuninitialized -Winit-self -Wno-narrowing -Wno-comment -fdiagnostics-show-option -Wno-long-long -pthread -fomit-frame-pointer -ffunction-sections  -msse -msse2 -msse3 -fvisibility=hidden  -O3 -DNDEBUG   -o CMakeFiles/cmTC_b130d.dir/CheckIncludeFile.c.o   -c /home/stacia/eclipse-workspace/CompVisionProject/opencv/build/CMakeFiles/CMakeTmp/CheckIncludeFile.c
/home/stacia/eclipse-workspace/CompVisionProject/opencv/build/CMakeFiles/CMakeTmp/CheckIncludeFile.c:1:16: fatal error: io.h: No such file or directory
compilation terminated.
CMakeFiles/cmTC_b130d.dir/build.make:65: recipe for target 'CMakeFiles/cmTC_b130d.dir/CheckIncludeFile.c.o' failed
make[1]: *** [CMakeFiles/cmTC_b130d.dir/CheckIncludeFile.c.o] Error 1
make[1]: Leaving directory '/home/stacia/eclipse-workspace/CompVisionProject/opencv/build/CMakeFiles/CMakeTmp'
Makefile:126: recipe for target 'cmTC_b130d/fast' failed
make: *** [cmTC_b130d/fast] Error 2


Determining if the function jbg_newlen exists failed with the following output:
Change Dir: /home/stacia/eclipse-workspace/CompVisionProject/opencv/build/CMakeFiles/CMakeTmp

Run Build Command:"/usr/bin/make" "cmTC_78dda/fast"
/usr/bin/make -f CMakeFiles/cmTC_78dda.dir/build.make CMakeFiles/cmTC_78dda.dir/build
make[1]: Entering directory '/home/stacia/eclipse-workspace/CompVisionProject/opencv/build/CMakeFiles/CMakeTmp'
Building C object CMakeFiles/cmTC_78dda.dir/CheckFunctionExists.c.o
/usr/bin/cc    -fPIC   -fsigned-char -W -Wall -Werror=return-type -Werror=non-virtual-dtor -Werror=address -Werror=sequence-point -Wformat -Werror=format-security -Wmissing-declarations -Wmissing-prototypes -Wstrict-prototypes -Wundef -Winit-self -Wpointer-arith -Wshadow -Wuninitialized -Winit-self -Wno-narrowing -Wno-comment -fdiagnostics-show-option -Wno-long-long -pthread -fomit-frame-pointer -ffunction-sections  -msse -msse2 -msse3 -fvisibility=hidden -DCHECK_FUNCTION_EXISTS=jbg_newlen -O3 -DNDEBUG   -o CMakeFiles/cmTC_78dda.dir/CheckFunctionExists.c.o   -c /usr/share/cmake-3.5/Modules/CheckFunctionExists.c
/usr/share/cmake-3.5/Modules/CheckFunctionExists.c:6:1: warning: function declaration isn’t a prototype [-Wstrict-prototypes]
 char CHECK_FUNCTION_EXISTS();
 ^
Linking C executable cmTC_78dda
/usr/bin/cmake -E cmake_link_script CMakeFiles/cmTC_78dda.dir/link.txt --verbose=1
/usr/bin/cc   -fPIC   -fsigned-char -W -Wall -Werror=return-type -Werror=non-virtual-dtor -Werror=address -Werror=sequence-point -Wformat -Werror=format-security -Wmissing-declarations -Wmissing-prototypes -Wstrict-prototypes -Wundef -Winit-self -Wpointer-arith -Wshadow -Wuninitialized -Winit-self -Wno-narrowing -Wno-comment -fdiagnostics-show-option -Wno-long-long -pthread -fomit-frame-pointer -ffunction-sections  -msse -msse2 -msse3 -fvisibility=hidden -DCHECK_FUNCTION_EXISTS=jbg_newlen -O3 -DNDEBUG     CMakeFiles/cmTC_78dda.dir/CheckFunctionExists.c.o  -o cmTC_78dda -rdynamic 
CMakeFiles/cmTC_78dda.dir/CheckFunctionExists.c.o: In function `main':
CheckFunctionExists.c:(.text.startup.main+0xe): undefined reference to `jbg_newlen'
collect2: error: ld returned 1 exit status
CMakeFiles/cmTC_78dda.dir/build.make:97: recipe for target 'cmTC_78dda' failed
make[1]: *** [cmTC_78dda] Error 1
make[1]: Leaving directory '/home/stacia/eclipse-workspace/CompVisionProject/opencv/build/CMakeFiles/CMakeTmp'
Makefile:126: recipe for target 'cmTC_78dda/fast' failed
make: *** [cmTC_78dda/fast] Error 2


Build output check failed:
    Regex: 'unrecognized .*option'
    Output line: 'cc1: warning: unrecognized command line option ‘-Wno-misleading-indentation’'
Compilation failed:
    source file: '/home/stacia/eclipse-workspace/CompVisionProject/opencv/build/CMakeFiles/CMakeTmp/src.c'
    check option: ' -Wno-misleading-indentation'
===== BUILD LOG =====
Change Dir: /home/stacia/eclipse-workspace/CompVisionProject/opencv/build/CMakeFiles/CMakeTmp

Run Build Command:"/usr/bin/make" "cmTC_81420/fast"
/usr/bin/make -f CMakeFiles/cmTC_81420.dir/build.make CMakeFiles/cmTC_81420.dir/build
make[1]: Entering directory '/home/stacia/eclipse-workspace/CompVisionProject/opencv/build/CMakeFiles/CMakeTmp'
Building C object CMakeFiles/cmTC_81420.dir/src.c.o
/usr/bin/cc    -fPIC   -fsigned-char -W -Wall -Werror=return-type -Werror=non-virtual-dtor -Werror=address -Werror=sequence-point -Wformat -Werror=format-security   -Wstrict-prototypes  -Winit-self -Wpointer-arith  -Wuninitialized -Winit-self -Wno-narrowing -Wno-comment -fdiagnostics-show-option -Wno-long-long -pthread -fomit-frame-pointer -ffunction-sections  -msse -msse2 -msse3 -fvisibility=hidden -Wno-unused-but-set-variable -Wno-missing-prototypes -Wno-missing-declarations -Wno-undef -Wno-unused -Wno-sign-compare -Wno-cast-align -Wno-shadow -Wno-maybe-uninitialized -Wno-pointer-to-int-cast -Wno-int-to-pointer-cast  -O3 -DNDEBUG   -Wno-misleading-indentation -o CMakeFiles/cmTC_81420.dir/src.c.o   -c /home/stacia/eclipse-workspace/CompVisionProject/opencv/build/CMakeFiles/CMakeTmp/src.c
/home/stacia/eclipse-workspace/CompVisionProject/opencv/build/CMakeFiles/CMakeTmp/src.c:1:0: warning: ignoring #pragma   [-Wunknown-pragmas]
 #pragma
 ^
cc1: warning: unrecognized command line option ‘-Wno-misleading-indentation’
Linking C executable cmTC_81420
/usr/bin/cmake -E cmake_link_script CMakeFiles/cmTC_81420.dir/link.txt --verbose=1
/usr/bin/cc   -fPIC   -fsigned-char -W -Wall -Werror=return-type -Werror=non-virtual-dtor -Werror=address -Werror=sequence-point -Wformat -Werror=format-security   -Wstrict-prototypes  -Winit-self -Wpointer-arith  -Wuninitialized -Winit-self -Wno-narrowing -Wno-comment -fdiagnostics-show-option -Wno-long-long -pthread -fomit-frame-pointer -ffunction-sections  -msse -msse2 -msse3 -fvisibility=hidden -Wno-unused-but-set-variable -Wno-missing-prototypes -Wno-missing-declarations -Wno-undef -Wno-unused -Wno-sign-compare -Wno-cast-align -Wno-shadow -Wno-maybe-uninitialized -Wno-pointer-to-int-cast -Wno-int-to-pointer-cast  -O3 -DNDEBUG     CMakeFiles/cmTC_81420.dir/src.c.o  -o cmTC_81420 -rdynamic 
make[1]: Leaving directory '/home/stacia/eclipse-workspace/CompVisionProject/opencv/build/CMakeFiles/CMakeTmp'

===== END =====

Build output check failed:
    Regex: 'unrecognized .*option'
    Output line: 'cc1plus: warning: unrecognized command line option ‘-Wno-misleading-indentation’'
Compilation failed:
    source file: '/home/stacia/eclipse-workspace/CompVisionProject/opencv/build/CMakeFiles/CMakeTmp/src.cxx'
    check option: ' -Wno-misleading-indentation'
===== BUILD LOG =====
Change Dir: /home/stacia/eclipse-workspace/CompVisionProject/opencv/build/CMakeFiles/CMakeTmp

Run Build Command:"/usr/bin/make" "cmTC_10204/fast"
/usr/bin/make -f CMakeFiles/cmTC_10204.dir/build.make CMakeFiles/cmTC_10204.dir/build
make[1]: Entering directory '/home/stacia/eclipse-workspace/CompVisionProject/opencv/build/CMakeFiles/CMakeTmp'
Building CXX object CMakeFiles/cmTC_10204.dir/src.cxx.o
/usr/bin/c++     -fPIC   -fsigned-char -W -Wall -Werror=return-type -Werror=non-virtual-dtor -Werror=address -Werror=sequence-point -Wformat -Werror=format-security   -Winit-self -Wpointer-arith  -Wsign-promo  -Winit-self -Wno-narrowing -Wno-delete-non-virtual-dtor -Wno-comment -fdiagnostics-show-option -Wno-long-long -pthread -fomit-frame-pointer -ffunction-sections  -msse -msse2 -msse3 -fvisibility=hidden -fvisibility-inlines-hidden -Wno-shadow -Wno-unused -Wno-sign-compare -Wno-undef -Wno-missing-declarations -Wno-uninitialized -Wno-switch -Wno-parentheses -Wno-array-bounds -Wno-extra -Wno-deprecated-declarations  -O3 -DNDEBUG   -Wno-misleading-indentation -o CMakeFiles/cmTC_10204.dir/src.cxx.o -c /home/stacia/eclipse-workspace/CompVisionProject/opencv/build/CMakeFiles/CMakeTmp/src.cxx
/home/stacia/eclipse-workspace/CompVisionProject/opencv/build/CMakeFiles/CMakeTmp/src.cxx:1:0: warning: ignoring #pragma   [-Wunknown-pragmas]
 #pragma
 ^
cc1plus: warning: unrecognized command line option ‘-Wno-misleading-indentation’
Linking CXX executable cmTC_10204
/usr/bin/cmake -E cmake_link_script CMakeFiles/cmTC_10204.dir/link.txt --verbose=1
/usr/bin/c++    -fPIC   -fsigned-char -W -Wall -Werror=return-type -Werror=non-virtual-dtor -Werror=address -Werror=sequence-point -Wformat -Werror=format-security   -Winit-self -Wpointer-arith  -Wsign-promo  -Winit-self -Wno-narrowing -Wno-delete-non-virtual-dtor -Wno-comment -fdiagnostics-show-option -Wno-long-long -pthread -fomit-frame-pointer -ffunction-sections  -msse -msse2 -msse3 -fvisibility=hidden -fvisibility-inlines-hidden -Wno-shadow -Wno-unused -Wno-sign-compare -Wno-undef -Wno-missing-declarations -Wno-uninitialized -Wno-switch -Wno-parentheses -Wno-array-bounds -Wno-extra -Wno-deprecated-declarations  -O3 -DNDEBUG     CMakeFiles/cmTC_10204.dir/src.cxx.o  -o cmTC_10204 -rdynamic 
make[1]: Leaving directory '/home/stacia/eclipse-workspace/CompVisionProject/opencv/build/CMakeFiles/CMakeTmp'

===== END =====

Determining if the include file linux/videodev.h exists failed with the following output:
Change Dir: /home/stacia/eclipse-workspace/CompVisionProject/opencv/build/CMakeFiles/CMakeTmp

Run Build Command:"/usr/bin/make" "cmTC_7b127/fast"
/usr/bin/make -f CMakeFiles/cmTC_7b127.dir/build.make CMakeFiles/cmTC_7b127.dir/build
make[1]: Entering directory '/home/stacia/eclipse-workspace/CompVisionProject/opencv/build/CMakeFiles/CMakeTmp'
Building C object CMakeFiles/cmTC_7b127.dir/CheckIncludeFile.c.o
/usr/bin/cc    -fPIC   -fsigned-char -W -Wall -Werror=return-type -Werror=non-virtual-dtor -Werror=address -Werror=sequence-point -Wformat -Werror=format-security -Wmissing-declarations -Wmissing-prototypes -Wstrict-prototypes -Wundef -Winit-self -Wpointer-arith -Wshadow -Wuninitialized -Winit-self -Wno-narrowing -Wno-comment -fdiagnostics-show-option -Wno-long-long -pthread -fomit-frame-pointer -ffunction-sections  -msse -msse2 -msse3 -fvisibility=hidden  -O3 -DNDEBUG   -o CMakeFiles/cmTC_7b127.dir/CheckIncludeFile.c.o   -c /home/stacia/eclipse-workspace/CompVisionProject/opencv/build/CMakeFiles/CMakeTmp/CheckIncludeFile.c
/home/stacia/eclipse-workspace/CompVisionProject/opencv/build/CMakeFiles/CMakeTmp/CheckIncludeFile.c:1:28: fatal error: linux/videodev.h: No such file or directory
compilation terminated.
CMakeFiles/cmTC_7b127.dir/build.make:65: recipe for target 'CMakeFiles/cmTC_7b127.dir/CheckIncludeFile.c.o' failed
make[1]: *** [CMakeFiles/cmTC_7b127.dir/CheckIncludeFile.c.o] Error 1
make[1]: Leaving directory '/home/stacia/eclipse-workspace/CompVisionProject/opencv/build/CMakeFiles/CMakeTmp'
Makefile:126: recipe for target 'cmTC_7b127/fast' failed
make: *** [cmTC_7b127/fast] Error 2


Determining if the include file sys/videoio.h exists failed with the following output:
Change Dir: /home/stacia/eclipse-workspace/CompVisionProject/opencv/build/CMakeFiles/CMakeTmp

Run Build Command:"/usr/bin/make" "cmTC_2d818/fast"
/usr/bin/make -f CMakeFiles/cmTC_2d818.dir/build.make CMakeFiles/cmTC_2d818.dir/build
make[1]: Entering directory '/home/stacia/eclipse-workspace/CompVisionProject/opencv/build/CMakeFiles/CMakeTmp'
Building C object CMakeFiles/cmTC_2d818.dir/CheckIncludeFile.c.o
/usr/bin/cc    -fPIC   -fsigned-char -W -Wall -Werror=return-type -Werror=non-virtual-dtor -Werror=address -Werror=sequence-point -Wformat -Werror=format-security -Wmissing-declarations -Wmissing-prototypes -Wstrict-prototypes -Wundef -Winit-self -Wpointer-arith -Wshadow -Wuninitialized -Winit-self -Wno-narrowing -Wno-comment -fdiagnostics-show-option -Wno-long-long -pthread -fomit-frame-pointer -ffunction-sections  -msse -msse2 -msse3 -fvisibility=hidden  -O3 -DNDEBUG   -o CMakeFiles/cmTC_2d818.dir/CheckIncludeFile.c.o   -c /home/stacia/eclipse-workspace/CompVisionProject/opencv/build/CMakeFiles/CMakeTmp/CheckIncludeFile.c
/home/stacia/eclipse-workspace/CompVisionProject/opencv/build/CMakeFiles/CMakeTmp/CheckIncludeFile.c:1:25: fatal error: sys/videoio.h: No such file or directory
compilation terminated.
CMakeFiles/cmTC_2d818.dir/build.make:65: recipe for target 'CMakeFiles/cmTC_2d818.dir/CheckIncludeFile.c.o' failed
make[1]: *** [CMakeFiles/cmTC_2d818.dir/CheckIncludeFile.c.o] Error 1
make[1]: Leaving directory '/home/stacia/eclipse-workspace/CompVisionProject/opencv/build/CMakeFiles/CMakeTmp'
Makefile:126: recipe for target 'cmTC_2d818/fast' failed
make: *** [cmTC_2d818/fast] Error 2


Build output check failed:
    Regex: 'command line option .* is valid for .* but not for C\+\+'
    Output line: 'cc1plus: warning: command line option ‘-Wno-missing-prototypes’ is valid for C/ObjC but not for C++'
Compilation failed:
    source file: '/home/stacia/eclipse-workspace/CompVisionProject/opencv/build/CMakeFiles/CMakeTmp/src.cxx'
    check option: ' -Wno-missing-prototypes'
===== BUILD LOG =====
Change Dir: /home/stacia/eclipse-workspace/CompVisionProject/opencv/build/CMakeFiles/CMakeTmp

Run Build Command:"/usr/bin/make" "cmTC_df926/fast"
/usr/bin/make -f CMakeFiles/cmTC_df926.dir/build.make CMakeFiles/cmTC_df926.dir/build
make[1]: Entering directory '/home/stacia/eclipse-workspace/CompVisionProject/opencv/build/CMakeFiles/CMakeTmp'
Building CXX object CMakeFiles/cmTC_df926.dir/src.cxx.o
/usr/bin/c++     -fPIC   -fsigned-char -W -Wall -Werror=return-type -Werror=non-virtual-dtor -Werror=address -Werror=sequence-point -Wformat -Werror=format-security -Wmissing-declarations -Wundef -Winit-self -Wpointer-arith -Wshadow -Wsign-promo -Wuninitialized -Winit-self -Wno-narrowing -Wno-delete-non-virtual-dtor -Wno-comment -fdiagnostics-show-option -Wno-long-long -pthread -fomit-frame-pointer -ffunction-sections  -msse -msse2 -msse3 -fvisibility=hidden -fvisibility-inlines-hidden -Wno-deprecated  -O3 -DNDEBUG   -Wno-missing-prototypes -o CMakeFiles/cmTC_df926.dir/src.cxx.o -c /home/stacia/eclipse-workspace/CompVisionProject/opencv/build/CMakeFiles/CMakeTmp/src.cxx
cc1plus: warning: command line option ‘-Wno-missing-prototypes’ is valid for C/ObjC but not for C++
/home/stacia/eclipse-workspace/CompVisionProject/opencv/build/CMakeFiles/CMakeTmp/src.cxx:1:0: warning: ignoring #pragma   [-Wunknown-pragmas]
 #pragma
 ^
Linking CXX executable cmTC_df926
/usr/bin/cmake -E cmake_link_script CMakeFiles/cmTC_df926.dir/link.txt --verbose=1
/usr/bin/c++    -fPIC   -fsigned-char -W -Wall -Werror=return-type -Werror=non-virtual-dtor -Werror=address -Werror=sequence-point -Wformat -Werror=format-security -Wmissing-declarations -Wundef -Winit-self -Wpointer-arith -Wshadow -Wsign-promo -Wuninitialized -Winit-self -Wno-narrowing -Wno-delete-non-virtual-dtor -Wno-comment -fdiagnostics-show-option -Wno-long-long -pthread -fomit-frame-pointer -ffunction-sections  -msse -msse2 -msse3 -fvisibility=hidden -fvisibility-inlines-hidden -Wno-deprecated  -O3 -DNDEBUG     CMakeFiles/cmTC_df926.dir/src.cxx.o  -o cmTC_df926 -rdynamic 
make[1]: Leaving directory '/home/stacia/eclipse-workspace/CompVisionProject/opencv/build/CMakeFiles/CMakeTmp'

===== END =====

Build output check failed:
    Regex: 'unrecognized .*option'
    Output line: 'cc1plus: warning: unrecognized command line option ‘-Wno-tautological-undefined-compare’'
Compilation failed:
    source file: '/home/stacia/eclipse-workspace/CompVisionProject/opencv/build/CMakeFiles/CMakeTmp/src.cxx'
    check option: ' -Wno-tautological-undefined-compare'
===== BUILD LOG =====
Change Dir: /home/stacia/eclipse-workspace/CompVisionProject/opencv/build/CMakeFiles/CMakeTmp

Run Build Command:"/usr/bin/make" "cmTC_b4075/fast"
/usr/bin/make -f CMakeFiles/cmTC_b4075.dir/build.make CMakeFiles/cmTC_b4075.dir/build
make[1]: Entering directory '/home/stacia/eclipse-workspace/CompVisionProject/opencv/build/CMakeFiles/CMakeTmp'
Building CXX object CMakeFiles/cmTC_b4075.dir/src.cxx.o
/usr/bin/c++     -fPIC   -fsigned-char -W -Wall -Werror=return-type -Werror=non-virtual-dtor -Werror=address -Werror=sequence-point -Wformat -Werror=format-security   -Winit-self -Wpointer-arith   -Wuninitialized -Winit-self -Wno-narrowing -Wno-delete-non-virtual-dtor -Wno-comment -fdiagnostics-show-option -Wno-long-long -pthread -fomit-frame-pointer -ffunction-sections  -msse -msse2 -msse3 -fvisibility=hidden -fvisibility-inlines-hidden -Wno-deprecated -Wno-missing-declarations -Wno-shadow -Wno-unused-parameter -Wno-unused-local-typedefs -Wno-sign-compare -Wno-sign-promo -Wno-undef  -O3 -DNDEBUG   -Wno-tautological-undefined-compare -o CMakeFiles/cmTC_b4075.dir/src.cxx.o -c /home/stacia/eclipse-workspace/CompVisionProject/opencv/build/CMakeFiles/CMakeTmp/src.cxx
/home/stacia/eclipse-workspace/CompVisionProject/opencv/build/CMakeFiles/CMakeTmp/src.cxx:1:0: warning: ignoring #pragma   [-Wunknown-pragmas]
 #pragma
 ^
cc1plus: warning: unrecognized command line option ‘-Wno-tautological-undefined-compare’
Linking CXX executable cmTC_b4075
/usr/bin/cmake -E cmake_link_script CMakeFiles/cmTC_b4075.dir/link.txt --verbose=1
/usr/bin/c++    -fPIC   -fsigned-char -W -Wall -Werror=return-type -Werror=non-virtual-dtor -Werror=address -Werror=sequence-point -Wformat -Werror=format-security   -Winit-self -Wpointer-arith   -Wuninitialized -Winit-self -Wno-narrowing -Wno-delete-non-virtual-dtor -Wno-comment -fdiagnostics-show-option -Wno-long-long -pthread -fomit-frame-pointer -ffunction-sections  -msse -msse2 -msse3 -fvisibility=hidden -fvisibility-inlines-hidden -Wno-deprecated -Wno-missing-declarations -Wno-shadow -Wno-unused-parameter -Wno-unused-local-typedefs -Wno-sign-compare -Wno-sign-promo -Wno-undef  -O3 -DNDEBUG     CMakeFiles/cmTC_b4075.dir/src.cxx.o  -o cmTC_b4075 -rdynamic 
make[1]: Leaving directory '/home/stacia/eclipse-workspace/CompVisionProject/opencv/build/CMakeFiles/CMakeTmp'

===== END =====

Build output check failed:
    Regex: 'unrecognized .*option'
    Output line: 'cc1plus: warning: unrecognized command line option ‘-Wno-unused-const-variable’'
Compilation failed:
    source file: '/home/stacia/eclipse-workspace/CompVisionProject/opencv/build/CMakeFiles/CMakeTmp/src.cxx'
    check option: ' -Wno-unused-const-variable'
===== BUILD LOG =====
Change Dir: /home/stacia/eclipse-workspace/CompVisionProject/opencv/build/CMakeFiles/CMakeTmp

Run Build Command:"/usr/bin/make" "cmTC_5c753/fast"
/usr/bin/make -f CMakeFiles/cmTC_5c753.dir/build.make CMakeFiles/cmTC_5c753.dir/build
make[1]: Entering directory '/home/stacia/eclipse-workspace/CompVisionProject/opencv/build/CMakeFiles/CMakeTmp'
Building CXX object CMakeFiles/cmTC_5c753.dir/src.cxx.o
/usr/bin/c++     -fPIC   -fsigned-char -W -Wall -Werror=return-type -Werror=non-virtual-dtor -Werror=address -Werror=sequence-point -Wformat -Werror=format-security   -Winit-self -Wpointer-arith   -Wuninitialized -Winit-self -Wno-narrowing -Wno-delete-non-virtual-dtor -Wno-comment -fdiagnostics-show-option -Wno-long-long -pthread -fomit-frame-pointer -ffunction-sections  -msse -msse2 -msse3 -fvisibility=hidden -fvisibility-inlines-hidden -Wno-deprecated -Wno-missing-declarations -Wno-shadow -Wno-unused-parameter -Wno-unused-local-typedefs -Wno-sign-compare -Wno-sign-promo -Wno-undef -Wno-ignored-qualifiers -Wno-extra -Wno-unused-function  -O3 -DNDEBUG   -Wno-unused-const-variable -o CMakeFiles/cmTC_5c753.dir/src.cxx.o -c /home/stacia/eclipse-workspace/CompVisionProject/opencv/build/CMakeFiles/CMakeTmp/src.cxx
/home/stacia/eclipse-workspace/CompVisionProject/opencv/build/CMakeFiles/CMakeTmp/src.cxx:1:0: warning: ignoring #pragma   [-Wunknown-pragmas]
 #pragma
 ^
cc1plus: warning: unrecognized command line option ‘-Wno-unused-const-variable’
Linking CXX executable cmTC_5c753
/usr/bin/cmake -E cmake_link_script CMakeFiles/cmTC_5c753.dir/link.txt --verbose=1
/usr/bin/c++    -fPIC   -fsigned-char -W -Wall -Werror=return-type -Werror=non-virtual-dtor -Werror=address -Werror=sequence-point -Wformat -Werror=format-security   -Winit-self -Wpointer-arith   -Wuninitialized -Winit-self -Wno-narrowing -Wno-delete-non-virtual-dtor -Wno-comment -fdiagnostics-show-option -Wno-long-long -pthread -fomit-frame-pointer -ffunction-sections  -msse -msse2 -msse3 -fvisibility=hidden -fvisibility-inlines-hidden -Wno-deprecated -Wno-missing-declarations -Wno-shadow -Wno-unused-parameter -Wno-unused-local-typedefs -Wno-sign-compare -Wno-sign-promo -Wno-undef -Wno-ignored-qualifiers -Wno-extra -Wno-unused-function  -O3 -DNDEBUG     CMakeFiles/cmTC_5c753.dir/src.cxx.o  -o cmTC_5c753 -rdynamic 
make[1]: Leaving directory '/home/stacia/eclipse-workspace/CompVisionProject/opencv/build/CMakeFiles/CMakeTmp'

===== END =====

Build output check failed:
    Regex: 'unrecognized .*option'
    Output line: 'cc1plus: warning: unrecognized command line option ‘-Wno-shorten-64-to-32’'
Compilation failed:
    source file: '/home/stacia/eclipse-workspace/CompVisionProject/opencv/build/CMakeFiles/CMakeTmp/src.cxx'
    check option: ' -Wno-shorten-64-to-32'
===== BUILD LOG =====
Change Dir: /home/stacia/eclipse-workspace/CompVisionProject/opencv/build/CMakeFiles/CMakeTmp

Run Build Command:"/usr/bin/make" "cmTC_6c65c/fast"
/usr/bin/make -f CMakeFiles/cmTC_6c65c.dir/build.make CMakeFiles/cmTC_6c65c.dir/build
make[1]: Entering directory '/home/stacia/eclipse-workspace/CompVisionProject/opencv/build/CMakeFiles/CMakeTmp'
Building CXX object CMakeFiles/cmTC_6c65c.dir/src.cxx.o
/usr/bin/c++     -fPIC   -fsigned-char -W -Wall -Werror=return-type -Werror=non-virtual-dtor -Werror=address -Werror=sequence-point -Wformat -Werror=format-security   -Winit-self -Wpointer-arith   -Wuninitialized -Winit-self -Wno-narrowing -Wno-delete-non-virtual-dtor -Wno-comment -fdiagnostics-show-option -Wno-long-long -pthread -fomit-frame-pointer -ffunction-sections  -msse -msse2 -msse3 -fvisibility=hidden -fvisibility-inlines-hidden -Wno-deprecated -Wno-missing-declarations -Wno-shadow -Wno-unused-parameter -Wno-unused-local-typedefs -Wno-sign-compare -Wno-sign-promo -Wno-undef -Wno-ignored-qualifiers -Wno-extra -Wno-unused-function  -O3 -DNDEBUG   -Wno-shorten-64-to-32 -o CMakeFiles/cmTC_6c65c.dir/src.cxx.o -c /home/stacia/eclipse-workspace/CompVisionProject/opencv/build/CMakeFiles/CMakeTmp/src.cxx
/home/stacia/eclipse-workspace/CompVisionProject/opencv/build/CMakeFiles/CMakeTmp/src.cxx:1:0: warning: ignoring #pragma   [-Wunknown-pragmas]
 #pragma
 ^
cc1plus: warning: unrecognized command line option ‘-Wno-shorten-64-to-32’
Linking CXX executable cmTC_6c65c
/usr/bin/cmake -E cmake_link_script CMakeFiles/cmTC_6c65c.dir/link.txt --verbose=1
/usr/bin/c++    -fPIC   -fsigned-char -W -Wall -Werror=return-type -Werror=non-virtual-dtor -Werror=address -Werror=sequence-point -Wformat -Werror=format-security   -Winit-self -Wpointer-arith   -Wuninitialized -Winit-self -Wno-narrowing -Wno-delete-non-virtual-dtor -Wno-comment -fdiagnostics-show-option -Wno-long-long -pthread -fomit-frame-pointer -ffunction-sections  -msse -msse2 -msse3 -fvisibility=hidden -fvisibility-inlines-hidden -Wno-deprecated -Wno-missing-declarations -Wno-shadow -Wno-unused-parameter -Wno-unused-local-typedefs -Wno-sign-compare -Wno-sign-promo -Wno-undef -Wno-ignored-qualifiers -Wno-extra -Wno-unused-function  -O3 -DNDEBUG     CMakeFiles/cmTC_6c65c.dir/src.cxx.o  -o cmTC_6c65c -rdynamic 
make[1]: Leaving directory '/home/stacia/eclipse-workspace/CompVisionProject/opencv/build/CMakeFiles/CMakeTmp'

===== END =====

